{"C:\\Users\\besou\\Documents\\GitHub\\chamada-inteligente\\postcss.config.js": {"path":"C:\\Users\\besou\\Documents\\GitHub\\chamada-inteligente\\postcss.config.js","statementMap":{"0":{"start":{"line":1,"column":0},"end":{"line":6,"column":1}}},"fnMap":{},"branchMap":{},"s":{"0":0},"f":{},"b":{}}
,"C:\\Users\\besou\\Documents\\GitHub\\chamada-inteligente\\tailwind.config.js": {"path":"C:\\Users\\besou\\Documents\\GitHub\\chamada-inteligente\\tailwind.config.js","statementMap":{"0":{"start":{"line":2,"column":0},"end":{"line":8,"column":1}}},"fnMap":{},"branchMap":{},"s":{"0":0},"f":{},"b":{}}
,"C:\\Users\\besou\\Documents\\GitHub\\chamada-inteligente\\chamada-inteligente-server\\index.js": {"path":"C:\\Users\\besou\\Documents\\GitHub\\chamada-inteligente\\chamada-inteligente-server\\index.js","statementMap":{"0":{"start":{"line":1,"column":16},"end":{"line":1,"column":34}},"1":{"start":{"line":2,"column":12},"end":{"line":2,"column":21}},"2":{"start":{"line":3,"column":17},"end":{"line":3,"column":43}},"3":{"start":{"line":4,"column":13},"end":{"line":4,"column":17}},"4":{"start":{"line":5,"column":19},"end":{"line":5,"column":41}},"5":{"start":{"line":8,"column":15},"end":{"line":8,"column":44}},"6":{"start":{"line":10,"column":0},"end":{"line":14,"column":3}},"7":{"start":{"line":11,"column":4},"end":{"line":11,"column":62}},"8":{"start":{"line":13,"column":4},"end":{"line":13,"column":56}},"9":{"start":{"line":16,"column":0},"end":{"line":16,"column":27}},"10":{"start":{"line":17,"column":0},"end":{"line":22,"column":5}},"11":{"start":{"line":18,"column":4},"end":{"line":18,"column":54}},"12":{"start":{"line":19,"column":4},"end":{"line":19,"column":76}},"13":{"start":{"line":20,"column":4},"end":{"line":20,"column":81}},"14":{"start":{"line":21,"column":4},"end":{"line":21,"column":11}},"15":{"start":{"line":26,"column":18},"end":{"line":26,"column":49}},"16":{"start":{"line":27,"column":19},"end":{"line":27,"column":51}},"17":{"start":{"line":28,"column":28},"end":{"line":28,"column":69}},"18":{"start":{"line":29,"column":24},"end":{"line":29,"column":61}},"19":{"start":{"line":30,"column":20},"end":{"line":30,"column":53}},"20":{"start":{"line":31,"column":24},"end":{"line":31,"column":61}},"21":{"start":{"line":34,"column":0},"end":{"line":34,"column":28}},"22":{"start":{"line":35,"column":0},"end":{"line":35,"column":30}},"23":{"start":{"line":36,"column":0},"end":{"line":36,"column":47}},"24":{"start":{"line":37,"column":0},"end":{"line":37,"column":40}},"25":{"start":{"line":38,"column":0},"end":{"line":38,"column":32}},"26":{"start":{"line":39,"column":0},"end":{"line":39,"column":40}},"27":{"start":{"line":42,"column":0},"end":{"line":42,"column":76}},"28":{"start":{"line":42,"column":23},"end":{"line":42,"column":74}}},"fnMap":{"0":{"name":"(anonymous_0)","decl":{"start":{"line":10,"column":21},"end":{"line":10,"column":22}},"loc":{"start":{"line":10,"column":27},"end":{"line":12,"column":1}},"line":10},"1":{"name":"(anonymous_1)","decl":{"start":{"line":12,"column":9},"end":{"line":12,"column":10}},"loc":{"start":{"line":12,"column":18},"end":{"line":14,"column":1}},"line":12},"2":{"name":"(anonymous_2)","decl":{"start":{"line":17,"column":8},"end":{"line":17,"column":9}},"loc":{"start":{"line":17,"column":28},"end":{"line":22,"column":3}},"line":17},"3":{"name":"(anonymous_3)","decl":{"start":{"line":42,"column":17},"end":{"line":42,"column":18}},"loc":{"start":{"line":42,"column":23},"end":{"line":42,"column":74}},"line":42}},"branchMap":{},"s":{"0":0,"1":0,"2":0,"3":0,"4":0,"5":0,"6":0,"7":0,"8":0,"9":0,"10":0,"11":0,"12":0,"13":0,"14":0,"15":0,"16":0,"17":0,"18":0,"19":0,"20":0,"21":0,"22":0,"23":0,"24":0,"25":0,"26":0,"27":0,"28":0},"f":{"0":0,"1":0,"2":0,"3":0},"b":{}}
,"C:\\Users\\besou\\Documents\\GitHub\\chamada-inteligente\\chamada-inteligente-server\\config\\templates\\mysql_config_template.js": {"path":"C:\\Users\\besou\\Documents\\GitHub\\chamada-inteligente\\chamada-inteligente-server\\config\\templates\\mysql_config_template.js","statementMap":{"0":{"start":{"line":1,"column":15},"end":{"line":7,"column":3}}},"fnMap":{},"branchMap":{},"s":{"0":0},"f":{},"b":{}}
,"C:\\Users\\besou\\Documents\\GitHub\\chamada-inteligente\\chamada-inteligente-server\\controller\\attendance.js": {"path":"C:\\Users\\besou\\Documents\\GitHub\\chamada-inteligente\\chamada-inteligente-server\\controller\\attendance.js","statementMap":{"0":{"start":{"line":1,"column":77},"end":{"line":1,"column":104}},"1":{"start":{"line":2,"column":21},"end":{"line":2,"column":41}},"2":{"start":{"line":3,"column":18},"end":{"line":3,"column":45}},"3":{"start":{"line":5,"column":0},"end":{"line":22,"column":1}},"4":{"start":{"line":6,"column":66},"end":{"line":6,"column":74}},"5":{"start":{"line":8,"column":4},"end":{"line":21,"column":5}},"6":{"start":{"line":9,"column":21},"end":{"line":9,"column":42}},"7":{"start":{"line":10,"column":24},"end":{"line":10,"column":47}},"8":{"start":{"line":11,"column":27},"end":{"line":16,"column":24}},"9":{"start":{"line":17,"column":8},"end":{"line":17,"column":48}},"10":{"start":{"line":20,"column":8},"end":{"line":20,"column":85}},"11":{"start":{"line":24,"column":0},"end":{"line":42,"column":2}},"12":{"start":{"line":25,"column":31},"end":{"line":25,"column":41}},"13":{"start":{"line":27,"column":2},"end":{"line":41,"column":3}},"14":{"start":{"line":28,"column":24},"end":{"line":35,"column":6}},"15":{"start":{"line":37,"column":4},"end":{"line":37,"column":38}},"16":{"start":{"line":39,"column":4},"end":{"line":39,"column":25}},"17":{"start":{"line":40,"column":4},"end":{"line":40,"column":74}},"18":{"start":{"line":44,"column":0},"end":{"line":67,"column":2}},"19":{"start":{"line":45,"column":22},"end":{"line":45,"column":32}},"20":{"start":{"line":47,"column":2},"end":{"line":66,"column":3}},"21":{"start":{"line":48,"column":28},"end":{"line":52,"column":6}},"22":{"start":{"line":54,"column":23},"end":{"line":54,"column":75}},"23":{"start":{"line":54,"column":56},"end":{"line":54,"column":74}},"24":{"start":{"line":56,"column":27},"end":{"line":60,"column":6}},"25":{"start":{"line":62,"column":4},"end":{"line":62,"column":29}},"26":{"start":{"line":64,"column":4},"end":{"line":64,"column":76}},"27":{"start":{"line":65,"column":4},"end":{"line":65,"column":85}},"28":{"start":{"line":69,"column":0},"end":{"line":134,"column":1}},"29":{"start":{"line":70,"column":37},"end":{"line":70,"column":47}},"30":{"start":{"line":72,"column":4},"end":{"line":133,"column":5}},"31":{"start":{"line":74,"column":35},"end":{"line":76,"column":10}},"32":{"start":{"line":79,"column":25},"end":{"line":80,"column":170}},"33":{"start":{"line":82,"column":42},"end":{"line":82,"column":53}},"34":{"start":{"line":85,"column":31},"end":{"line":85,"column":32}},"35":{"start":{"line":86,"column":8},"end":{"line":93,"column":11}},"36":{"start":{"line":87,"column":35},"end":{"line":87,"column":70}},"37":{"start":{"line":88,"column":35},"end":{"line":88,"column":61}},"38":{"start":{"line":89,"column":35},"end":{"line":89,"column":90}},"39":{"start":{"line":91,"column":26},"end":{"line":91,"column":150}},"40":{"start":{"line":92,"column":12},"end":{"line":92,"column":38}},"41":{"start":{"line":95,"column":25},"end":{"line":97,"column":10}},"42":{"start":{"line":100,"column":33},"end":{"line":107,"column":36}},"43":{"start":{"line":101,"column":35},"end":{"line":101,"column":75}},"44":{"start":{"line":102,"column":33},"end":{"line":102,"column":71}},"45":{"start":{"line":103,"column":28},"end":{"line":103,"column":87}},"46":{"start":{"line":104,"column":26},"end":{"line":104,"column":81}},"47":{"start":{"line":106,"column":10},"end":{"line":106,"column":45}},"48":{"start":{"line":110,"column":33},"end":{"line":110,"column":49}},"49":{"start":{"line":111,"column":8},"end":{"line":113,"column":9}},"50":{"start":{"line":112,"column":12},"end":{"line":112,"column":85}},"51":{"start":{"line":116,"column":36},"end":{"line":116,"column":73}},"52":{"start":{"line":119,"column":34},"end":{"line":119,"column":143}},"53":{"start":{"line":122,"column":30},"end":{"line":122,"column":83}},"54":{"start":{"line":124,"column":8},"end":{"line":128,"column":11}},"55":{"start":{"line":131,"column":8},"end":{"line":131,"column":29}},"56":{"start":{"line":132,"column":8},"end":{"line":132,"column":92}},"57":{"start":{"line":136,"column":0},"end":{"line":165,"column":1}},"58":{"start":{"line":137,"column":50},"end":{"line":137,"column":58}},"59":{"start":{"line":139,"column":2},"end":{"line":163,"column":3}},"60":{"start":{"line":140,"column":21},"end":{"line":155,"column":6}},"61":{"start":{"line":141,"column":52},"end":{"line":141,"column":62}},"62":{"start":{"line":143,"column":6},"end":{"line":154,"column":7}},"63":{"start":{"line":144,"column":8},"end":{"line":147,"column":10}},"64":{"start":{"line":149,"column":8},"end":{"line":153,"column":11}},"65":{"start":{"line":157,"column":4},"end":{"line":157,"column":32}},"66":{"start":{"line":159,"column":4},"end":{"line":159,"column":73}},"67":{"start":{"line":161,"column":4},"end":{"line":161,"column":25}},"68":{"start":{"line":162,"column":4},"end":{"line":162,"column":66}}},"fnMap":{"0":{"name":"(anonymous_0)","decl":{"start":{"line":5,"column":27},"end":{"line":5,"column":28}},"loc":{"start":{"line":5,"column":52},"end":{"line":22,"column":1}},"line":5},"1":{"name":"(anonymous_1)","decl":{"start":{"line":24,"column":28},"end":{"line":24,"column":29}},"loc":{"start":{"line":24,"column":54},"end":{"line":42,"column":1}},"line":24},"2":{"name":"(anonymous_2)","decl":{"start":{"line":44,"column":33},"end":{"line":44,"column":34}},"loc":{"start":{"line":44,"column":53},"end":{"line":67,"column":1}},"line":44},"3":{"name":"(anonymous_3)","decl":{"start":{"line":54,"column":43},"end":{"line":54,"column":44}},"loc":{"start":{"line":54,"column":56},"end":{"line":54,"column":74}},"line":54},"4":{"name":"(anonymous_4)","decl":{"start":{"line":69,"column":36},"end":{"line":69,"column":37}},"loc":{"start":{"line":69,"column":62},"end":{"line":134,"column":1}},"line":69},"5":{"name":"(anonymous_5)","decl":{"start":{"line":86,"column":42},"end":{"line":86,"column":43}},"loc":{"start":{"line":86,"column":64},"end":{"line":93,"column":9}},"line":86},"6":{"name":"(anonymous_6)","decl":{"start":{"line":100,"column":50},"end":{"line":100,"column":51}},"loc":{"start":{"line":100,"column":68},"end":{"line":107,"column":9}},"line":100},"7":{"name":"(anonymous_7)","decl":{"start":{"line":136,"column":28},"end":{"line":136,"column":29}},"loc":{"start":{"line":136,"column":54},"end":{"line":165,"column":1}},"line":136},"8":{"name":"(anonymous_8)","decl":{"start":{"line":140,"column":41},"end":{"line":140,"column":42}},"loc":{"start":{"line":140,"column":57},"end":{"line":155,"column":5}},"line":140}},"branchMap":{"0":{"loc":{"start":{"line":111,"column":8},"end":{"line":113,"column":9}},"type":"if","locations":[{"start":{"line":111,"column":8},"end":{"line":113,"column":9}},{"start":{},"end":{}}],"line":111},"1":{"loc":{"start":{"line":119,"column":34},"end":{"line":119,"column":143}},"type":"cond-expr","locations":[{"start":{"line":119,"column":55},"end":{"line":119,"column":139}},{"start":{"line":119,"column":142},"end":{"line":119,"column":143}}],"line":119},"2":{"loc":{"start":{"line":143,"column":6},"end":{"line":154,"column":7}},"type":"if","locations":[{"start":{"line":143,"column":6},"end":{"line":154,"column":7}},{"start":{"line":148,"column":13},"end":{"line":154,"column":7}}],"line":143}},"s":{"0":0,"1":0,"2":0,"3":0,"4":0,"5":0,"6":0,"7":0,"8":0,"9":0,"10":0,"11":0,"12":0,"13":0,"14":0,"15":0,"16":0,"17":0,"18":0,"19":0,"20":0,"21":0,"22":0,"23":0,"24":0,"25":0,"26":0,"27":0,"28":0,"29":0,"30":0,"31":0,"32":0,"33":0,"34":0,"35":0,"36":0,"37":0,"38":0,"39":0,"40":0,"41":0,"42":0,"43":0,"44":0,"45":0,"46":0,"47":0,"48":0,"49":0,"50":0,"51":0,"52":0,"53":0,"54":0,"55":0,"56":0,"57":0,"58":0,"59":0,"60":0,"61":0,"62":0,"63":0,"64":0,"65":0,"66":0,"67":0,"68":0},"f":{"0":0,"1":0,"2":0,"3":0,"4":0,"5":0,"6":0,"7":0,"8":0},"b":{"0":[0,0],"1":[0,0],"2":[0,0]}}
,"C:\\Users\\besou\\Documents\\GitHub\\chamada-inteligente\\chamada-inteligente-server\\controller\\attendanceRoll.js": {"path":"C:\\Users\\besou\\Documents\\GitHub\\chamada-inteligente\\chamada-inteligente-server\\controller\\attendanceRoll.js","statementMap":{"0":{"start":{"line":1,"column":18},"end":{"line":1,"column":45}},"1":{"start":{"line":2,"column":28},"end":{"line":2,"column":55}},"2":{"start":{"line":3,"column":15},"end":{"line":3,"column":35}},"3":{"start":{"line":4,"column":33},"end":{"line":4,"column":51}},"4":{"start":{"line":6,"column":0},"end":{"line":18,"column":1}},"5":{"start":{"line":7,"column":74},"end":{"line":7,"column":82}},"6":{"start":{"line":9,"column":35},"end":{"line":9,"column":89}},"7":{"start":{"line":11,"column":27},"end":{"line":15,"column":6}},"8":{"start":{"line":17,"column":4},"end":{"line":17,"column":48}},"9":{"start":{"line":20,"column":0},"end":{"line":32,"column":1}},"10":{"start":{"line":21,"column":19},"end":{"line":21,"column":29}},"11":{"start":{"line":22,"column":4},"end":{"line":31,"column":7}},"12":{"start":{"line":26,"column":8},"end":{"line":26,"column":31}},"13":{"start":{"line":29,"column":8},"end":{"line":29,"column":29}},"14":{"start":{"line":30,"column":8},"end":{"line":30,"column":76}},"15":{"start":{"line":34,"column":0},"end":{"line":62,"column":1}},"16":{"start":{"line":35,"column":45},"end":{"line":35,"column":54}},"17":{"start":{"line":36,"column":4},"end":{"line":59,"column":5}},"18":{"start":{"line":37,"column":32},"end":{"line":37,"column":97}},"19":{"start":{"line":38,"column":31},"end":{"line":38,"column":104}},"20":{"start":{"line":40,"column":38},"end":{"line":45,"column":10}},"21":{"start":{"line":41,"column":12},"end":{"line":44,"column":13}},"22":{"start":{"line":47,"column":37},"end":{"line":52,"column":10}},"23":{"start":{"line":48,"column":12},"end":{"line":51,"column":13}},"24":{"start":{"line":54,"column":25},"end":{"line":54,"column":75}},"25":{"start":{"line":56,"column":8},"end":{"line":56,"column":45}},"26":{"start":{"line":58,"column":8},"end":{"line":58,"column":85}},"27":{"start":{"line":64,"column":48},"end":{"line":71,"column":1}},"28":{"start":{"line":65,"column":32},"end":{"line":66,"column":169}},"29":{"start":{"line":68,"column":4},"end":{"line":68,"column":24}},"30":{"start":{"line":70,"column":4},"end":{"line":70,"column":19}},"31":{"start":{"line":73,"column":47},"end":{"line":84,"column":1}},"32":{"start":{"line":74,"column":32},"end":{"line":76,"column":105}},"33":{"start":{"line":78,"column":21},"end":{"line":79,"column":170}},"34":{"start":{"line":83,"column":4},"end":{"line":83,"column":34}},"35":{"start":{"line":86,"column":0},"end":{"line":104,"column":1}},"36":{"start":{"line":87,"column":25},"end":{"line":87,"column":35}},"37":{"start":{"line":89,"column":4},"end":{"line":103,"column":7}},"38":{"start":{"line":98,"column":8},"end":{"line":98,"column":46}},"39":{"start":{"line":101,"column":8},"end":{"line":101,"column":29}},"40":{"start":{"line":102,"column":8},"end":{"line":102,"column":80}},"41":{"start":{"line":106,"column":0},"end":{"line":131,"column":1}},"42":{"start":{"line":107,"column":25},"end":{"line":107,"column":35}},"43":{"start":{"line":109,"column":4},"end":{"line":130,"column":7}},"44":{"start":{"line":125,"column":8},"end":{"line":125,"column":46}},"45":{"start":{"line":128,"column":8},"end":{"line":128,"column":29}},"46":{"start":{"line":129,"column":8},"end":{"line":129,"column":80}},"47":{"start":{"line":133,"column":0},"end":{"line":158,"column":1}},"48":{"start":{"line":134,"column":25},"end":{"line":134,"column":34}},"49":{"start":{"line":135,"column":4},"end":{"line":157,"column":5}},"50":{"start":{"line":137,"column":36},"end":{"line":139,"column":102}},"51":{"start":{"line":141,"column":22},"end":{"line":141,"column":58}},"52":{"start":{"line":143,"column":30},"end":{"line":148,"column":10}},"53":{"start":{"line":144,"column":12},"end":{"line":147,"column":13}},"54":{"start":{"line":150,"column":8},"end":{"line":150,"column":44}},"55":{"start":{"line":152,"column":13},"end":{"line":155,"column":10}},"56":{"start":{"line":153,"column":12},"end":{"line":153,"column":33}},"57":{"start":{"line":154,"column":12},"end":{"line":154,"column":86}},"58":{"start":{"line":160,"column":0},"end":{"line":181,"column":1}},"59":{"start":{"line":161,"column":38},"end":{"line":161,"column":47}},"60":{"start":{"line":162,"column":4},"end":{"line":180,"column":5}},"61":{"start":{"line":163,"column":36},"end":{"line":164,"column":175}},"62":{"start":{"line":166,"column":30},"end":{"line":171,"column":10}},"63":{"start":{"line":167,"column":12},"end":{"line":170,"column":13}},"64":{"start":{"line":173,"column":8},"end":{"line":173,"column":44}},"65":{"start":{"line":175,"column":13},"end":{"line":178,"column":10}},"66":{"start":{"line":176,"column":12},"end":{"line":176,"column":33}},"67":{"start":{"line":177,"column":12},"end":{"line":177,"column":86}},"68":{"start":{"line":184,"column":0},"end":{"line":195,"column":1}},"69":{"start":{"line":185,"column":47},"end":{"line":185,"column":55}},"70":{"start":{"line":187,"column":24},"end":{"line":187,"column":74}},"71":{"start":{"line":188,"column":4},"end":{"line":194,"column":5}},"72":{"start":{"line":189,"column":8},"end":{"line":189,"column":117}},"73":{"start":{"line":190,"column":8},"end":{"line":190,"column":74}},"74":{"start":{"line":191,"column":13},"end":{"line":193,"column":10}},"75":{"start":{"line":192,"column":12},"end":{"line":192,"column":75}}},"fnMap":{"0":{"name":"(anonymous_0)","decl":{"start":{"line":6,"column":31},"end":{"line":6,"column":32}},"loc":{"start":{"line":6,"column":54},"end":{"line":18,"column":1}},"line":6},"1":{"name":"(anonymous_1)","decl":{"start":{"line":20,"column":31},"end":{"line":20,"column":32}},"loc":{"start":{"line":20,"column":51},"end":{"line":32,"column":1}},"line":20},"2":{"name":"(anonymous_2)","decl":{"start":{"line":25,"column":10},"end":{"line":25,"column":11}},"loc":{"start":{"line":25,"column":16},"end":{"line":27,"column":5}},"line":25},"3":{"name":"(anonymous_3)","decl":{"start":{"line":28,"column":11},"end":{"line":28,"column":12}},"loc":{"start":{"line":28,"column":22},"end":{"line":31,"column":5}},"line":28},"4":{"name":"(anonymous_4)","decl":{"start":{"line":34,"column":39},"end":{"line":34,"column":40}},"loc":{"start":{"line":34,"column":65},"end":{"line":62,"column":1}},"line":34},"5":{"name":"(anonymous_5)","decl":{"start":{"line":40,"column":58},"end":{"line":40,"column":59}},"loc":{"start":{"line":40,"column":69},"end":{"line":45,"column":9}},"line":40},"6":{"name":"(anonymous_6)","decl":{"start":{"line":47,"column":56},"end":{"line":47,"column":57}},"loc":{"start":{"line":47,"column":67},"end":{"line":52,"column":9}},"line":47},"7":{"name":"(anonymous_7)","decl":{"start":{"line":64,"column":48},"end":{"line":64,"column":49}},"loc":{"start":{"line":64,"column":78},"end":{"line":71,"column":1}},"line":64},"8":{"name":"(anonymous_8)","decl":{"start":{"line":73,"column":47},"end":{"line":73,"column":48}},"loc":{"start":{"line":73,"column":86},"end":{"line":84,"column":1}},"line":73},"9":{"name":"(anonymous_9)","decl":{"start":{"line":86,"column":36},"end":{"line":86,"column":37}},"loc":{"start":{"line":86,"column":56},"end":{"line":104,"column":1}},"line":86},"10":{"name":"(anonymous_10)","decl":{"start":{"line":97,"column":10},"end":{"line":97,"column":11}},"loc":{"start":{"line":97,"column":29},"end":{"line":99,"column":5}},"line":97},"11":{"name":"(anonymous_11)","decl":{"start":{"line":100,"column":11},"end":{"line":100,"column":12}},"loc":{"start":{"line":100,"column":20},"end":{"line":103,"column":5}},"line":100},"12":{"name":"(anonymous_12)","decl":{"start":{"line":106,"column":35},"end":{"line":106,"column":36}},"loc":{"start":{"line":106,"column":55},"end":{"line":131,"column":1}},"line":106},"13":{"name":"(anonymous_13)","decl":{"start":{"line":124,"column":10},"end":{"line":124,"column":11}},"loc":{"start":{"line":124,"column":29},"end":{"line":126,"column":5}},"line":124},"14":{"name":"(anonymous_14)","decl":{"start":{"line":127,"column":11},"end":{"line":127,"column":12}},"loc":{"start":{"line":127,"column":20},"end":{"line":130,"column":5}},"line":127},"15":{"name":"(anonymous_15)","decl":{"start":{"line":133,"column":42},"end":{"line":133,"column":43}},"loc":{"start":{"line":133,"column":68},"end":{"line":158,"column":1}},"line":133},"16":{"name":"(anonymous_16)","decl":{"start":{"line":143,"column":42},"end":{"line":143,"column":43}},"loc":{"start":{"line":143,"column":52},"end":{"line":148,"column":9}},"line":143},"17":{"name":"(anonymous_17)","decl":{"start":{"line":152,"column":13},"end":{"line":152,"column":14}},"loc":{"start":{"line":152,"column":22},"end":{"line":155,"column":9}},"line":152},"18":{"name":"(anonymous_18)","decl":{"start":{"line":160,"column":42},"end":{"line":160,"column":43}},"loc":{"start":{"line":160,"column":68},"end":{"line":181,"column":1}},"line":160},"19":{"name":"(anonymous_19)","decl":{"start":{"line":166,"column":42},"end":{"line":166,"column":43}},"loc":{"start":{"line":166,"column":52},"end":{"line":171,"column":9}},"line":166},"20":{"name":"(anonymous_20)","decl":{"start":{"line":175,"column":13},"end":{"line":175,"column":14}},"loc":{"start":{"line":175,"column":22},"end":{"line":178,"column":9}},"line":175},"21":{"name":"(anonymous_21)","decl":{"start":{"line":184,"column":28},"end":{"line":184,"column":29}},"loc":{"start":{"line":184,"column":54},"end":{"line":195,"column":1}},"line":184},"22":{"name":"(anonymous_22)","decl":{"start":{"line":191,"column":13},"end":{"line":191,"column":14}},"loc":{"start":{"line":191,"column":22},"end":{"line":193,"column":9}},"line":191}},"branchMap":{"0":{"loc":{"start":{"line":9,"column":35},"end":{"line":9,"column":89}},"type":"cond-expr","locations":[{"start":{"line":9,"column":52},"end":{"line":9,"column":76}},{"start":{"line":9,"column":79},"end":{"line":9,"column":89}}],"line":9},"1":{"loc":{"start":{"line":169,"column":25},"end":{"line":169,"column":57}},"type":"cond-expr","locations":[{"start":{"line":169,"column":45},"end":{"line":169,"column":49}},{"start":{"line":169,"column":52},"end":{"line":169,"column":57}}],"line":169},"2":{"loc":{"start":{"line":187,"column":24},"end":{"line":187,"column":74}},"type":"cond-expr","locations":[{"start":{"line":187,"column":39},"end":{"line":187,"column":61}},{"start":{"line":187,"column":64},"end":{"line":187,"column":74}}],"line":187}},"s":{"0":0,"1":0,"2":0,"3":0,"4":0,"5":0,"6":0,"7":0,"8":0,"9":0,"10":0,"11":0,"12":0,"13":0,"14":0,"15":0,"16":0,"17":0,"18":0,"19":0,"20":0,"21":0,"22":0,"23":0,"24":0,"25":0,"26":0,"27":0,"28":0,"29":0,"30":0,"31":0,"32":0,"33":0,"34":0,"35":0,"36":0,"37":0,"38":0,"39":0,"40":0,"41":0,"42":0,"43":0,"44":0,"45":0,"46":0,"47":0,"48":0,"49":0,"50":0,"51":0,"52":0,"53":0,"54":0,"55":0,"56":0,"57":0,"58":0,"59":0,"60":0,"61":0,"62":0,"63":0,"64":0,"65":0,"66":0,"67":0,"68":0,"69":0,"70":0,"71":0,"72":0,"73":0,"74":0,"75":0},"f":{"0":0,"1":0,"2":0,"3":0,"4":0,"5":0,"6":0,"7":0,"8":0,"9":0,"10":0,"11":0,"12":0,"13":0,"14":0,"15":0,"16":0,"17":0,"18":0,"19":0,"20":0,"21":0,"22":0},"b":{"0":[0,0],"1":[0,0],"2":[0,0]}}
,"C:\\Users\\besou\\Documents\\GitHub\\chamada-inteligente\\chamada-inteligente-server\\controller\\class.js": {"path":"C:\\Users\\besou\\Documents\\GitHub\\chamada-inteligente\\chamada-inteligente-server\\controller\\class.js","statementMap":{"0":{"start":{"line":1,"column":18},"end":{"line":1,"column":45}},"1":{"start":{"line":2,"column":48},"end":{"line":2,"column":75}},"2":{"start":{"line":4,"column":0},"end":{"line":18,"column":2}},"3":{"start":{"line":5,"column":23},"end":{"line":5,"column":32}},"4":{"start":{"line":6,"column":4},"end":{"line":6,"column":25}},"5":{"start":{"line":7,"column":4},"end":{"line":17,"column":5}},"6":{"start":{"line":8,"column":8},"end":{"line":14,"column":9}},"7":{"start":{"line":9,"column":28},"end":{"line":9,"column":55}},"8":{"start":{"line":10,"column":12},"end":{"line":10,"column":49}},"9":{"start":{"line":11,"column":15},"end":{"line":14,"column":9}},"10":{"start":{"line":12,"column":28},"end":{"line":12,"column":55}},"11":{"start":{"line":13,"column":12},"end":{"line":13,"column":49}},"12":{"start":{"line":16,"column":8},"end":{"line":16,"column":87}},"13":{"start":{"line":21,"column":26},"end":{"line":43,"column":1}},"14":{"start":{"line":23,"column":20},"end":{"line":27,"column":6}},"15":{"start":{"line":29,"column":21},"end":{"line":39,"column":6}},"16":{"start":{"line":30,"column":25},"end":{"line":34,"column":10}},"17":{"start":{"line":35,"column":8},"end":{"line":38,"column":9}},"18":{"start":{"line":41,"column":19},"end":{"line":41,"column":46}},"19":{"start":{"line":42,"column":4},"end":{"line":42,"column":17}},"20":{"start":{"line":46,"column":26},"end":{"line":65,"column":1}},"21":{"start":{"line":47,"column":32},"end":{"line":48,"column":90}},"22":{"start":{"line":50,"column":21},"end":{"line":61,"column":6}},"23":{"start":{"line":52,"column":25},"end":{"line":56,"column":10}},"24":{"start":{"line":57,"column":8},"end":{"line":60,"column":9}},"25":{"start":{"line":63,"column":19},"end":{"line":63,"column":46}},"26":{"start":{"line":64,"column":4},"end":{"line":64,"column":18}},"27":{"start":{"line":68,"column":0},"end":{"line":82,"column":1}},"28":{"start":{"line":69,"column":74},"end":{"line":69,"column":82}},"29":{"start":{"line":70,"column":4},"end":{"line":81,"column":5}},"30":{"start":{"line":71,"column":25},"end":{"line":71,"column":90}},"31":{"start":{"line":72,"column":25},"end":{"line":75,"column":10}},"32":{"start":{"line":73,"column":52},"end":{"line":73,"column":65}},"33":{"start":{"line":74,"column":12},"end":{"line":74,"column":108}},"34":{"start":{"line":76,"column":8},"end":{"line":78,"column":11}},"35":{"start":{"line":77,"column":12},"end":{"line":77,"column":91}},"36":{"start":{"line":80,"column":8},"end":{"line":80,"column":80}},"37":{"start":{"line":84,"column":0},"end":{"line":93,"column":1}},"38":{"start":{"line":85,"column":35},"end":{"line":85,"column":43}},"39":{"start":{"line":86,"column":4},"end":{"line":92,"column":5}},"40":{"start":{"line":87,"column":29},"end":{"line":87,"column":78}},"41":{"start":{"line":89,"column":8},"end":{"line":89,"column":50}},"42":{"start":{"line":91,"column":8},"end":{"line":91,"column":97}},"43":{"start":{"line":95,"column":0},"end":{"line":119,"column":2}},"44":{"start":{"line":96,"column":18},"end":{"line":96,"column":31}},"45":{"start":{"line":97,"column":58},"end":{"line":97,"column":66}},"46":{"start":{"line":99,"column":2},"end":{"line":118,"column":3}},"47":{"start":{"line":100,"column":26},"end":{"line":100,"column":55}},"48":{"start":{"line":102,"column":4},"end":{"line":104,"column":5}},"49":{"start":{"line":103,"column":6},"end":{"line":103,"column":70}},"50":{"start":{"line":106,"column":4},"end":{"line":106,"column":40}},"51":{"start":{"line":106,"column":14},"end":{"line":106,"column":40}},"52":{"start":{"line":107,"column":4},"end":{"line":107,"column":40}},"53":{"start":{"line":107,"column":14},"end":{"line":107,"column":40}},"54":{"start":{"line":108,"column":4},"end":{"line":108,"column":52}},"55":{"start":{"line":108,"column":18},"end":{"line":108,"column":52}},"56":{"start":{"line":109,"column":4},"end":{"line":109,"column":58}},"57":{"start":{"line":109,"column":20},"end":{"line":109,"column":58}},"58":{"start":{"line":110,"column":4},"end":{"line":110,"column":55}},"59":{"start":{"line":110,"column":19},"end":{"line":110,"column":55}},"60":{"start":{"line":112,"column":4},"end":{"line":112,"column":31}},"61":{"start":{"line":114,"column":4},"end":{"line":114,"column":40}},"62":{"start":{"line":116,"column":4},"end":{"line":116,"column":55}},"63":{"start":{"line":117,"column":4},"end":{"line":117,"column":76}},"64":{"start":{"line":122,"column":0},"end":{"line":149,"column":1}},"65":{"start":{"line":123,"column":19},"end":{"line":123,"column":29}},"66":{"start":{"line":125,"column":4},"end":{"line":148,"column":5}},"67":{"start":{"line":127,"column":4},"end":{"line":131,"column":7}},"68":{"start":{"line":133,"column":4},"end":{"line":137,"column":7}},"69":{"start":{"line":139,"column":4},"end":{"line":143,"column":6}},"70":{"start":{"line":145,"column":4},"end":{"line":145,"column":72}},"71":{"start":{"line":147,"column":8},"end":{"line":147,"column":84}},"72":{"start":{"line":151,"column":0},"end":{"line":172,"column":1}},"73":{"start":{"line":152,"column":25},"end":{"line":152,"column":34}},"74":{"start":{"line":153,"column":4},"end":{"line":170,"column":5}},"75":{"start":{"line":154,"column":36},"end":{"line":156,"column":32}},"76":{"start":{"line":158,"column":24},"end":{"line":158,"column":151}},"77":{"start":{"line":159,"column":8},"end":{"line":159,"column":28}},"78":{"start":{"line":160,"column":25},"end":{"line":165,"column":10}},"79":{"start":{"line":161,"column":12},"end":{"line":164,"column":13}},"80":{"start":{"line":167,"column":8},"end":{"line":167,"column":39}},"81":{"start":{"line":169,"column":8},"end":{"line":169,"column":82}},"82":{"start":{"line":174,"column":0},"end":{"line":194,"column":1}},"83":{"start":{"line":175,"column":25},"end":{"line":175,"column":34}},"84":{"start":{"line":176,"column":4},"end":{"line":193,"column":5}},"85":{"start":{"line":177,"column":22},"end":{"line":177,"column":58}},"86":{"start":{"line":179,"column":34},"end":{"line":179,"column":230}},"87":{"start":{"line":180,"column":38},"end":{"line":180,"column":215}},"88":{"start":{"line":183,"column":8},"end":{"line":183,"column":21}},"89":{"start":{"line":185,"column":23},"end":{"line":188,"column":9}},"90":{"start":{"line":190,"column":8},"end":{"line":190,"column":44}},"91":{"start":{"line":192,"column":8},"end":{"line":192,"column":85}},"92":{"start":{"line":197,"column":29},"end":{"line":207,"column":1}},"93":{"start":{"line":198,"column":4},"end":{"line":206,"column":5}},"94":{"start":{"line":199,"column":25},"end":{"line":199,"column":176}},"95":{"start":{"line":200,"column":25},"end":{"line":200,"column":40}},"96":{"start":{"line":203,"column":8},"end":{"line":203,"column":24}},"97":{"start":{"line":205,"column":8},"end":{"line":205,"column":17}},"98":{"start":{"line":209,"column":0},"end":{"line":209,"column":52}}},"fnMap":{"0":{"name":"(anonymous_0)","decl":{"start":{"line":4,"column":21},"end":{"line":4,"column":22}},"loc":{"start":{"line":4,"column":47},"end":{"line":18,"column":1}},"line":4},"1":{"name":"(anonymous_1)","decl":{"start":{"line":21,"column":26},"end":{"line":21,"column":27}},"loc":{"start":{"line":21,"column":47},"end":{"line":43,"column":1}},"line":21},"2":{"name":"(anonymous_2)","decl":{"start":{"line":29,"column":33},"end":{"line":29,"column":34}},"loc":{"start":{"line":29,"column":53},"end":{"line":39,"column":5}},"line":29},"3":{"name":"(anonymous_3)","decl":{"start":{"line":46,"column":26},"end":{"line":46,"column":27}},"loc":{"start":{"line":46,"column":47},"end":{"line":65,"column":1}},"line":46},"4":{"name":"(anonymous_4)","decl":{"start":{"line":50,"column":33},"end":{"line":50,"column":34}},"loc":{"start":{"line":50,"column":53},"end":{"line":61,"column":5}},"line":50},"5":{"name":"(anonymous_5)","decl":{"start":{"line":68,"column":19},"end":{"line":68,"column":20}},"loc":{"start":{"line":68,"column":42},"end":{"line":82,"column":1}},"line":68},"6":{"name":"(anonymous_6)","decl":{"start":{"line":72,"column":44},"end":{"line":72,"column":45}},"loc":{"start":{"line":72,"column":69},"end":{"line":75,"column":9}},"line":72},"7":{"name":"(anonymous_7)","decl":{"start":{"line":76,"column":35},"end":{"line":76,"column":36}},"loc":{"start":{"line":76,"column":47},"end":{"line":78,"column":9}},"line":76},"8":{"name":"(anonymous_8)","decl":{"start":{"line":84,"column":24},"end":{"line":84,"column":25}},"loc":{"start":{"line":84,"column":47},"end":{"line":93,"column":1}},"line":84},"9":{"name":"(anonymous_9)","decl":{"start":{"line":95,"column":20},"end":{"line":95,"column":21}},"loc":{"start":{"line":95,"column":46},"end":{"line":119,"column":1}},"line":95},"10":{"name":"(anonymous_10)","decl":{"start":{"line":122,"column":22},"end":{"line":122,"column":23}},"loc":{"start":{"line":122,"column":48},"end":{"line":149,"column":1}},"line":122},"11":{"name":"(anonymous_11)","decl":{"start":{"line":151,"column":31},"end":{"line":151,"column":32}},"loc":{"start":{"line":151,"column":57},"end":{"line":172,"column":1}},"line":151},"12":{"name":"(anonymous_12)","decl":{"start":{"line":160,"column":37},"end":{"line":160,"column":38}},"loc":{"start":{"line":160,"column":50},"end":{"line":165,"column":9}},"line":160},"13":{"name":"(anonymous_13)","decl":{"start":{"line":174,"column":24},"end":{"line":174,"column":25}},"loc":{"start":{"line":174,"column":50},"end":{"line":194,"column":1}},"line":174},"14":{"name":"(anonymous_14)","decl":{"start":{"line":197,"column":29},"end":{"line":197,"column":30}},"loc":{"start":{"line":197,"column":49},"end":{"line":207,"column":1}},"line":197}},"branchMap":{"0":{"loc":{"start":{"line":8,"column":8},"end":{"line":14,"column":9}},"type":"if","locations":[{"start":{"line":8,"column":8},"end":{"line":14,"column":9}},{"start":{"line":11,"column":15},"end":{"line":14,"column":9}}],"line":8},"1":{"loc":{"start":{"line":11,"column":15},"end":{"line":14,"column":9}},"type":"if","locations":[{"start":{"line":11,"column":15},"end":{"line":14,"column":9}},{"start":{},"end":{}}],"line":11},"2":{"loc":{"start":{"line":102,"column":4},"end":{"line":104,"column":5}},"type":"if","locations":[{"start":{"line":102,"column":4},"end":{"line":104,"column":5}},{"start":{},"end":{}}],"line":102},"3":{"loc":{"start":{"line":106,"column":4},"end":{"line":106,"column":40}},"type":"if","locations":[{"start":{"line":106,"column":4},"end":{"line":106,"column":40}},{"start":{},"end":{}}],"line":106},"4":{"loc":{"start":{"line":107,"column":4},"end":{"line":107,"column":40}},"type":"if","locations":[{"start":{"line":107,"column":4},"end":{"line":107,"column":40}},{"start":{},"end":{}}],"line":107},"5":{"loc":{"start":{"line":108,"column":4},"end":{"line":108,"column":52}},"type":"if","locations":[{"start":{"line":108,"column":4},"end":{"line":108,"column":52}},{"start":{},"end":{}}],"line":108},"6":{"loc":{"start":{"line":109,"column":4},"end":{"line":109,"column":58}},"type":"if","locations":[{"start":{"line":109,"column":4},"end":{"line":109,"column":58}},{"start":{},"end":{}}],"line":109},"7":{"loc":{"start":{"line":110,"column":4},"end":{"line":110,"column":55}},"type":"if","locations":[{"start":{"line":110,"column":4},"end":{"line":110,"column":55}},{"start":{},"end":{}}],"line":110},"8":{"loc":{"start":{"line":163,"column":38},"end":{"line":163,"column":97}},"type":"cond-expr","locations":[{"start":{"line":163,"column":55},"end":{"line":163,"column":91}},{"start":{"line":163,"column":94},"end":{"line":163,"column":97}}],"line":163},"9":{"loc":{"start":{"line":187,"column":34},"end":{"line":187,"column":124}},"type":"cond-expr","locations":[{"start":{"line":187,"column":66},"end":{"line":187,"column":119}},{"start":{"line":187,"column":123},"end":{"line":187,"column":124}}],"line":187}},"s":{"0":0,"1":0,"2":0,"3":0,"4":0,"5":0,"6":0,"7":0,"8":0,"9":0,"10":0,"11":0,"12":0,"13":0,"14":0,"15":0,"16":0,"17":0,"18":0,"19":0,"20":0,"21":0,"22":0,"23":0,"24":0,"25":0,"26":0,"27":0,"28":0,"29":0,"30":0,"31":0,"32":0,"33":0,"34":0,"35":0,"36":0,"37":0,"38":0,"39":0,"40":0,"41":0,"42":0,"43":0,"44":0,"45":0,"46":0,"47":0,"48":0,"49":0,"50":0,"51":0,"52":0,"53":0,"54":0,"55":0,"56":0,"57":0,"58":0,"59":0,"60":0,"61":0,"62":0,"63":0,"64":0,"65":0,"66":0,"67":0,"68":0,"69":0,"70":0,"71":0,"72":0,"73":0,"74":0,"75":0,"76":0,"77":0,"78":0,"79":0,"80":0,"81":0,"82":0,"83":0,"84":0,"85":0,"86":0,"87":0,"88":0,"89":0,"90":0,"91":0,"92":0,"93":0,"94":0,"95":0,"96":0,"97":0,"98":0},"f":{"0":0,"1":0,"2":0,"3":0,"4":0,"5":0,"6":0,"7":0,"8":0,"9":0,"10":0,"11":0,"12":0,"13":0,"14":0},"b":{"0":[0,0],"1":[0,0],"2":[0,0],"3":[0,0],"4":[0,0],"5":[0,0],"6":[0,0],"7":[0,0],"8":[0,0],"9":[0,0]}}
,"C:\\Users\\besou\\Documents\\GitHub\\chamada-inteligente\\chamada-inteligente-server\\controller\\course.js": {"path":"C:\\Users\\besou\\Documents\\GitHub\\chamada-inteligente\\chamada-inteligente-server\\controller\\course.js","statementMap":{"0":{"start":{"line":1,"column":17},"end":{"line":1,"column":44}},"1":{"start":{"line":2,"column":32},"end":{"line":2,"column":59}},"2":{"start":{"line":4,"column":0},"end":{"line":12,"column":1}},"3":{"start":{"line":5,"column":4},"end":{"line":11,"column":5}},"4":{"start":{"line":6,"column":24},"end":{"line":6,"column":46}},"5":{"start":{"line":7,"column":8},"end":{"line":7,"column":26}},"6":{"start":{"line":9,"column":8},"end":{"line":9,"column":77}},"7":{"start":{"line":10,"column":8},"end":{"line":10,"column":84}},"8":{"start":{"line":14,"column":0},"end":{"line":24,"column":1}},"9":{"start":{"line":15,"column":4},"end":{"line":23,"column":5}},"10":{"start":{"line":16,"column":40},"end":{"line":16,"column":48}},"11":{"start":{"line":18,"column":26},"end":{"line":18,"column":69}},"12":{"start":{"line":19,"column":8},"end":{"line":19,"column":28}},"13":{"start":{"line":21,"column":8},"end":{"line":21,"column":78}},"14":{"start":{"line":22,"column":8},"end":{"line":22,"column":85}},"15":{"start":{"line":26,"column":0},"end":{"line":45,"column":1}},"16":{"start":{"line":27,"column":4},"end":{"line":44,"column":5}},"17":{"start":{"line":28,"column":25},"end":{"line":28,"column":38}},"18":{"start":{"line":29,"column":25},"end":{"line":29,"column":33}},"19":{"start":{"line":30,"column":31},"end":{"line":30,"column":62}},"20":{"start":{"line":32,"column":8},"end":{"line":34,"column":9}},"21":{"start":{"line":33,"column":12},"end":{"line":33,"column":71}},"22":{"start":{"line":36,"column":8},"end":{"line":36,"column":58}},"23":{"start":{"line":38,"column":8},"end":{"line":38,"column":36}},"24":{"start":{"line":40,"column":8},"end":{"line":40,"column":33}},"25":{"start":{"line":42,"column":8},"end":{"line":42,"column":76}},"26":{"start":{"line":43,"column":8},"end":{"line":43,"column":84}},"27":{"start":{"line":47,"column":0},"end":{"line":62,"column":1}},"28":{"start":{"line":48,"column":4},"end":{"line":61,"column":5}},"29":{"start":{"line":49,"column":25},"end":{"line":49,"column":38}},"30":{"start":{"line":50,"column":31},"end":{"line":50,"column":62}},"31":{"start":{"line":52,"column":8},"end":{"line":54,"column":9}},"32":{"start":{"line":53,"column":12},"end":{"line":53,"column":71}},"33":{"start":{"line":56,"column":8},"end":{"line":56,"column":39}},"34":{"start":{"line":57,"column":8},"end":{"line":57,"column":73}},"35":{"start":{"line":59,"column":8},"end":{"line":59,"column":77}},"36":{"start":{"line":60,"column":8},"end":{"line":60,"column":86}},"37":{"start":{"line":64,"column":0},"end":{"line":87,"column":1}},"38":{"start":{"line":65,"column":4},"end":{"line":86,"column":5}},"39":{"start":{"line":66,"column":27},"end":{"line":66,"column":41}},"40":{"start":{"line":68,"column":8},"end":{"line":70,"column":9}},"41":{"start":{"line":69,"column":12},"end":{"line":69,"column":82}},"42":{"start":{"line":72,"column":23},"end":{"line":76,"column":10}},"43":{"start":{"line":78,"column":8},"end":{"line":80,"column":9}},"44":{"start":{"line":79,"column":12},"end":{"line":79,"column":69}},"45":{"start":{"line":82,"column":8},"end":{"line":82,"column":24}},"46":{"start":{"line":84,"column":8},"end":{"line":84,"column":78}},"47":{"start":{"line":85,"column":8},"end":{"line":85,"column":85}},"48":{"start":{"line":89,"column":0},"end":{"line":122,"column":1}},"49":{"start":{"line":90,"column":4},"end":{"line":121,"column":5}},"50":{"start":{"line":91,"column":31},"end":{"line":91,"column":45}},"51":{"start":{"line":93,"column":8},"end":{"line":95,"column":9}},"52":{"start":{"line":94,"column":12},"end":{"line":94,"column":82}},"53":{"start":{"line":97,"column":27},"end":{"line":101,"column":10}},"54":{"start":{"line":103,"column":8},"end":{"line":105,"column":9}},"55":{"start":{"line":104,"column":12},"end":{"line":104,"column":78}},"56":{"start":{"line":107,"column":23},"end":{"line":111,"column":10}},"57":{"start":{"line":113,"column":8},"end":{"line":115,"column":9}},"58":{"start":{"line":114,"column":12},"end":{"line":114,"column":71}},"59":{"start":{"line":117,"column":8},"end":{"line":117,"column":24}},"60":{"start":{"line":119,"column":8},"end":{"line":119,"column":78}},"61":{"start":{"line":120,"column":8},"end":{"line":120,"column":85}},"62":{"start":{"line":124,"column":0},"end":{"line":147,"column":1}},"63":{"start":{"line":125,"column":4},"end":{"line":146,"column":5}},"64":{"start":{"line":126,"column":25},"end":{"line":126,"column":37}},"65":{"start":{"line":128,"column":8},"end":{"line":130,"column":9}},"66":{"start":{"line":129,"column":12},"end":{"line":129,"column":80}},"67":{"start":{"line":132,"column":23},"end":{"line":136,"column":10}},"68":{"start":{"line":138,"column":8},"end":{"line":140,"column":9}},"69":{"start":{"line":139,"column":12},"end":{"line":139,"column":67}},"70":{"start":{"line":142,"column":8},"end":{"line":142,"column":24}},"71":{"start":{"line":144,"column":8},"end":{"line":144,"column":78}},"72":{"start":{"line":145,"column":8},"end":{"line":145,"column":85}}},"fnMap":{"0":{"name":"(anonymous_0)","decl":{"start":{"line":4,"column":23},"end":{"line":4,"column":24}},"loc":{"start":{"line":4,"column":42},"end":{"line":12,"column":1}},"line":4},"1":{"name":"(anonymous_1)","decl":{"start":{"line":14,"column":23},"end":{"line":14,"column":24}},"loc":{"start":{"line":14,"column":42},"end":{"line":24,"column":1}},"line":14},"2":{"name":"(anonymous_2)","decl":{"start":{"line":26,"column":23},"end":{"line":26,"column":24}},"loc":{"start":{"line":26,"column":42},"end":{"line":45,"column":1}},"line":26},"3":{"name":"(anonymous_3)","decl":{"start":{"line":47,"column":23},"end":{"line":47,"column":24}},"loc":{"start":{"line":47,"column":42},"end":{"line":62,"column":1}},"line":47},"4":{"name":"(anonymous_4)","decl":{"start":{"line":64,"column":26},"end":{"line":64,"column":27}},"loc":{"start":{"line":64,"column":45},"end":{"line":87,"column":1}},"line":64},"5":{"name":"(anonymous_5)","decl":{"start":{"line":89,"column":36},"end":{"line":89,"column":37}},"loc":{"start":{"line":89,"column":55},"end":{"line":122,"column":1}},"line":89},"6":{"name":"(anonymous_6)","decl":{"start":{"line":124,"column":24},"end":{"line":124,"column":25}},"loc":{"start":{"line":124,"column":43},"end":{"line":147,"column":1}},"line":124}},"branchMap":{"0":{"loc":{"start":{"line":32,"column":8},"end":{"line":34,"column":9}},"type":"if","locations":[{"start":{"line":32,"column":8},"end":{"line":34,"column":9}},{"start":{},"end":{}}],"line":32},"1":{"loc":{"start":{"line":36,"column":30},"end":{"line":36,"column":57}},"type":"binary-expr","locations":[{"start":{"line":36,"column":30},"end":{"line":36,"column":34}},{"start":{"line":36,"column":38},"end":{"line":36,"column":57}}],"line":36},"2":{"loc":{"start":{"line":52,"column":8},"end":{"line":54,"column":9}},"type":"if","locations":[{"start":{"line":52,"column":8},"end":{"line":54,"column":9}},{"start":{},"end":{}}],"line":52},"3":{"loc":{"start":{"line":68,"column":8},"end":{"line":70,"column":9}},"type":"if","locations":[{"start":{"line":68,"column":8},"end":{"line":70,"column":9}},{"start":{},"end":{}}],"line":68},"4":{"loc":{"start":{"line":78,"column":8},"end":{"line":80,"column":9}},"type":"if","locations":[{"start":{"line":78,"column":8},"end":{"line":80,"column":9}},{"start":{},"end":{}}],"line":78},"5":{"loc":{"start":{"line":93,"column":8},"end":{"line":95,"column":9}},"type":"if","locations":[{"start":{"line":93,"column":8},"end":{"line":95,"column":9}},{"start":{},"end":{}}],"line":93},"6":{"loc":{"start":{"line":103,"column":8},"end":{"line":105,"column":9}},"type":"if","locations":[{"start":{"line":103,"column":8},"end":{"line":105,"column":9}},{"start":{},"end":{}}],"line":103},"7":{"loc":{"start":{"line":113,"column":8},"end":{"line":115,"column":9}},"type":"if","locations":[{"start":{"line":113,"column":8},"end":{"line":115,"column":9}},{"start":{},"end":{}}],"line":113},"8":{"loc":{"start":{"line":128,"column":8},"end":{"line":130,"column":9}},"type":"if","locations":[{"start":{"line":128,"column":8},"end":{"line":130,"column":9}},{"start":{},"end":{}}],"line":128},"9":{"loc":{"start":{"line":138,"column":8},"end":{"line":140,"column":9}},"type":"if","locations":[{"start":{"line":138,"column":8},"end":{"line":140,"column":9}},{"start":{},"end":{}}],"line":138}},"s":{"0":0,"1":0,"2":0,"3":0,"4":0,"5":0,"6":0,"7":0,"8":0,"9":0,"10":0,"11":0,"12":0,"13":0,"14":0,"15":0,"16":0,"17":0,"18":0,"19":0,"20":0,"21":0,"22":0,"23":0,"24":0,"25":0,"26":0,"27":0,"28":0,"29":0,"30":0,"31":0,"32":0,"33":0,"34":0,"35":0,"36":0,"37":0,"38":0,"39":0,"40":0,"41":0,"42":0,"43":0,"44":0,"45":0,"46":0,"47":0,"48":0,"49":0,"50":0,"51":0,"52":0,"53":0,"54":0,"55":0,"56":0,"57":0,"58":0,"59":0,"60":0,"61":0,"62":0,"63":0,"64":0,"65":0,"66":0,"67":0,"68":0,"69":0,"70":0,"71":0,"72":0},"f":{"0":0,"1":0,"2":0,"3":0,"4":0,"5":0,"6":0},"b":{"0":[0,0],"1":[0,0],"2":[0,0],"3":[0,0],"4":[0,0],"5":[0,0],"6":[0,0],"7":[0,0],"8":[0,0],"9":[0,0]}}
,"C:\\Users\\besou\\Documents\\GitHub\\chamada-inteligente\\chamada-inteligente-server\\controller\\department.js": {"path":"C:\\Users\\besou\\Documents\\GitHub\\chamada-inteligente\\chamada-inteligente-server\\controller\\department.js","statementMap":{"0":{"start":{"line":1,"column":17},"end":{"line":1,"column":44}},"1":{"start":{"line":2,"column":23},"end":{"line":2,"column":50}},"2":{"start":{"line":4,"column":0},"end":{"line":12,"column":1}},"3":{"start":{"line":5,"column":4},"end":{"line":11,"column":5}},"4":{"start":{"line":6,"column":28},"end":{"line":6,"column":54}},"5":{"start":{"line":7,"column":8},"end":{"line":7,"column":30}},"6":{"start":{"line":9,"column":8},"end":{"line":9,"column":81}},"7":{"start":{"line":10,"column":8},"end":{"line":10,"column":88}},"8":{"start":{"line":14,"column":0},"end":{"line":23,"column":1}},"9":{"start":{"line":15,"column":4},"end":{"line":22,"column":5}},"10":{"start":{"line":16,"column":25},"end":{"line":16,"column":33}},"11":{"start":{"line":17,"column":30},"end":{"line":17,"column":61}},"12":{"start":{"line":18,"column":8},"end":{"line":18,"column":32}},"13":{"start":{"line":20,"column":8},"end":{"line":20,"column":82}},"14":{"start":{"line":21,"column":8},"end":{"line":21,"column":89}},"15":{"start":{"line":25,"column":0},"end":{"line":44,"column":1}},"16":{"start":{"line":26,"column":4},"end":{"line":43,"column":5}},"17":{"start":{"line":27,"column":29},"end":{"line":27,"column":42}},"18":{"start":{"line":28,"column":25},"end":{"line":28,"column":33}},"19":{"start":{"line":29,"column":35},"end":{"line":29,"column":74}},"20":{"start":{"line":31,"column":8},"end":{"line":33,"column":9}},"21":{"start":{"line":32,"column":12},"end":{"line":32,"column":75}},"22":{"start":{"line":35,"column":8},"end":{"line":35,"column":66}},"23":{"start":{"line":37,"column":8},"end":{"line":37,"column":40}},"24":{"start":{"line":39,"column":8},"end":{"line":39,"column":37}},"25":{"start":{"line":41,"column":8},"end":{"line":41,"column":80}},"26":{"start":{"line":42,"column":8},"end":{"line":42,"column":88}},"27":{"start":{"line":46,"column":0},"end":{"line":61,"column":1}},"28":{"start":{"line":47,"column":4},"end":{"line":60,"column":5}},"29":{"start":{"line":48,"column":29},"end":{"line":48,"column":42}},"30":{"start":{"line":49,"column":35},"end":{"line":49,"column":74}},"31":{"start":{"line":51,"column":8},"end":{"line":53,"column":9}},"32":{"start":{"line":52,"column":12},"end":{"line":52,"column":75}},"33":{"start":{"line":55,"column":8},"end":{"line":55,"column":43}},"34":{"start":{"line":56,"column":8},"end":{"line":56,"column":77}},"35":{"start":{"line":58,"column":8},"end":{"line":58,"column":81}},"36":{"start":{"line":59,"column":8},"end":{"line":59,"column":90}},"37":{"start":{"line":63,"column":0},"end":{"line":86,"column":1}},"38":{"start":{"line":64,"column":4},"end":{"line":85,"column":5}},"39":{"start":{"line":65,"column":31},"end":{"line":65,"column":45}},"40":{"start":{"line":67,"column":8},"end":{"line":69,"column":9}},"41":{"start":{"line":68,"column":12},"end":{"line":68,"column":82}},"42":{"start":{"line":71,"column":27},"end":{"line":75,"column":10}},"43":{"start":{"line":77,"column":8},"end":{"line":79,"column":9}},"44":{"start":{"line":78,"column":12},"end":{"line":78,"column":69}},"45":{"start":{"line":81,"column":8},"end":{"line":81,"column":28}},"46":{"start":{"line":83,"column":8},"end":{"line":83,"column":82}},"47":{"start":{"line":84,"column":8},"end":{"line":84,"column":89}},"48":{"start":{"line":88,"column":0},"end":{"line":111,"column":1}},"49":{"start":{"line":89,"column":4},"end":{"line":110,"column":5}},"50":{"start":{"line":90,"column":29},"end":{"line":90,"column":41}},"51":{"start":{"line":92,"column":8},"end":{"line":94,"column":9}},"52":{"start":{"line":93,"column":12},"end":{"line":93,"column":80}},"53":{"start":{"line":96,"column":27},"end":{"line":100,"column":10}},"54":{"start":{"line":102,"column":8},"end":{"line":104,"column":9}},"55":{"start":{"line":103,"column":12},"end":{"line":103,"column":67}},"56":{"start":{"line":106,"column":8},"end":{"line":106,"column":28}},"57":{"start":{"line":108,"column":8},"end":{"line":108,"column":82}},"58":{"start":{"line":109,"column":8},"end":{"line":109,"column":89}}},"fnMap":{"0":{"name":"(anonymous_0)","decl":{"start":{"line":4,"column":27},"end":{"line":4,"column":28}},"loc":{"start":{"line":4,"column":46},"end":{"line":12,"column":1}},"line":4},"1":{"name":"(anonymous_1)","decl":{"start":{"line":14,"column":27},"end":{"line":14,"column":28}},"loc":{"start":{"line":14,"column":46},"end":{"line":23,"column":1}},"line":14},"2":{"name":"(anonymous_2)","decl":{"start":{"line":25,"column":27},"end":{"line":25,"column":28}},"loc":{"start":{"line":25,"column":46},"end":{"line":44,"column":1}},"line":25},"3":{"name":"(anonymous_3)","decl":{"start":{"line":46,"column":27},"end":{"line":46,"column":28}},"loc":{"start":{"line":46,"column":46},"end":{"line":61,"column":1}},"line":46},"4":{"name":"(anonymous_4)","decl":{"start":{"line":63,"column":30},"end":{"line":63,"column":31}},"loc":{"start":{"line":63,"column":49},"end":{"line":86,"column":1}},"line":63},"5":{"name":"(anonymous_5)","decl":{"start":{"line":88,"column":28},"end":{"line":88,"column":29}},"loc":{"start":{"line":88,"column":47},"end":{"line":111,"column":1}},"line":88}},"branchMap":{"0":{"loc":{"start":{"line":31,"column":8},"end":{"line":33,"column":9}},"type":"if","locations":[{"start":{"line":31,"column":8},"end":{"line":33,"column":9}},{"start":{},"end":{}}],"line":31},"1":{"loc":{"start":{"line":35,"column":34},"end":{"line":35,"column":65}},"type":"binary-expr","locations":[{"start":{"line":35,"column":34},"end":{"line":35,"column":38}},{"start":{"line":35,"column":42},"end":{"line":35,"column":65}}],"line":35},"2":{"loc":{"start":{"line":51,"column":8},"end":{"line":53,"column":9}},"type":"if","locations":[{"start":{"line":51,"column":8},"end":{"line":53,"column":9}},{"start":{},"end":{}}],"line":51},"3":{"loc":{"start":{"line":67,"column":8},"end":{"line":69,"column":9}},"type":"if","locations":[{"start":{"line":67,"column":8},"end":{"line":69,"column":9}},{"start":{},"end":{}}],"line":67},"4":{"loc":{"start":{"line":77,"column":8},"end":{"line":79,"column":9}},"type":"if","locations":[{"start":{"line":77,"column":8},"end":{"line":79,"column":9}},{"start":{},"end":{}}],"line":77},"5":{"loc":{"start":{"line":92,"column":8},"end":{"line":94,"column":9}},"type":"if","locations":[{"start":{"line":92,"column":8},"end":{"line":94,"column":9}},{"start":{},"end":{}}],"line":92},"6":{"loc":{"start":{"line":102,"column":8},"end":{"line":104,"column":9}},"type":"if","locations":[{"start":{"line":102,"column":8},"end":{"line":104,"column":9}},{"start":{},"end":{}}],"line":102}},"s":{"0":0,"1":0,"2":0,"3":0,"4":0,"5":0,"6":0,"7":0,"8":0,"9":0,"10":0,"11":0,"12":0,"13":0,"14":0,"15":0,"16":0,"17":0,"18":0,"19":0,"20":0,"21":0,"22":0,"23":0,"24":0,"25":0,"26":0,"27":0,"28":0,"29":0,"30":0,"31":0,"32":0,"33":0,"34":0,"35":0,"36":0,"37":0,"38":0,"39":0,"40":0,"41":0,"42":0,"43":0,"44":0,"45":0,"46":0,"47":0,"48":0,"49":0,"50":0,"51":0,"52":0,"53":0,"54":0,"55":0,"56":0,"57":0,"58":0},"f":{"0":0,"1":0,"2":0,"3":0,"4":0,"5":0},"b":{"0":[0,0],"1":[0,0],"2":[0,0],"3":[0,0],"4":[0,0],"5":[0,0],"6":[0,0]}}
,"C:\\Users\\besou\\Documents\\GitHub\\chamada-inteligente\\chamada-inteligente-server\\controller\\user.js": {"path":"C:\\Users\\besou\\Documents\\GitHub\\chamada-inteligente\\chamada-inteligente-server\\controller\\user.js","statementMap":{"0":{"start":{"line":1,"column":18},"end":{"line":1,"column":45}},"1":{"start":{"line":2,"column":35},"end":{"line":2,"column":62}},"2":{"start":{"line":3,"column":15},"end":{"line":3,"column":32}},"3":{"start":{"line":5,"column":19},"end":{"line":5,"column":21}},"4":{"start":{"line":7,"column":0},"end":{"line":21,"column":1}},"5":{"start":{"line":8,"column":58},"end":{"line":8,"column":66}},"6":{"start":{"line":9,"column":4},"end":{"line":20,"column":5}},"7":{"start":{"line":10,"column":23},"end":{"line":10,"column":68}},"8":{"start":{"line":12,"column":8},"end":{"line":12,"column":90}},"9":{"start":{"line":12,"column":27},"end":{"line":12,"column":90}},"10":{"start":{"line":14,"column":24},"end":{"line":14,"column":101}},"11":{"start":{"line":16,"column":8},"end":{"line":16,"column":38}},"12":{"start":{"line":19,"column":8},"end":{"line":19,"column":88}},"13":{"start":{"line":23,"column":0},"end":{"line":37,"column":1}},"14":{"start":{"line":24,"column":64},"end":{"line":24,"column":72}},"15":{"start":{"line":25,"column":2},"end":{"line":36,"column":3}},"16":{"start":{"line":26,"column":21},"end":{"line":26,"column":66}},"17":{"start":{"line":28,"column":6},"end":{"line":28,"column":88}},"18":{"start":{"line":28,"column":25},"end":{"line":28,"column":88}},"19":{"start":{"line":30,"column":22},"end":{"line":30,"column":89}},"20":{"start":{"line":32,"column":6},"end":{"line":32,"column":36}},"21":{"start":{"line":35,"column":6},"end":{"line":35,"column":86}},"22":{"start":{"line":39,"column":0},"end":{"line":59,"column":1}},"23":{"start":{"line":40,"column":30},"end":{"line":40,"column":39}},"24":{"start":{"line":42,"column":2},"end":{"line":58,"column":3}},"25":{"start":{"line":43,"column":19},"end":{"line":43,"column":59}},"26":{"start":{"line":45,"column":6},"end":{"line":47,"column":7}},"27":{"start":{"line":46,"column":10},"end":{"line":46,"column":83}},"28":{"start":{"line":49,"column":21},"end":{"line":49,"column":33}},"29":{"start":{"line":50,"column":22},"end":{"line":50,"column":78}},"30":{"start":{"line":52,"column":19},"end":{"line":52,"column":50}},"31":{"start":{"line":54,"column":6},"end":{"line":54,"column":66}},"32":{"start":{"line":57,"column":6},"end":{"line":57,"column":76}},"33":{"start":{"line":61,"column":16},"end":{"line":76,"column":1}},"34":{"start":{"line":62,"column":2},"end":{"line":75,"column":3}},"35":{"start":{"line":63,"column":29},"end":{"line":63,"column":68}},"36":{"start":{"line":65,"column":23},"end":{"line":65,"column":63}},"37":{"start":{"line":67,"column":6},"end":{"line":67,"column":30}},"38":{"start":{"line":67,"column":20},"end":{"line":67,"column":30}},"39":{"start":{"line":69,"column":19},"end":{"line":69,"column":84}},"40":{"start":{"line":70,"column":6},"end":{"line":70,"column":26}},"41":{"start":{"line":73,"column":6},"end":{"line":73,"column":74}},"42":{"start":{"line":74,"column":6},"end":{"line":74,"column":18}}},"fnMap":{"0":{"name":"(anonymous_0)","decl":{"start":{"line":7,"column":21},"end":{"line":7,"column":22}},"loc":{"start":{"line":7,"column":47},"end":{"line":21,"column":1}},"line":7},"1":{"name":"(anonymous_1)","decl":{"start":{"line":23,"column":21},"end":{"line":23,"column":22}},"loc":{"start":{"line":23,"column":47},"end":{"line":37,"column":1}},"line":23},"2":{"name":"(anonymous_2)","decl":{"start":{"line":39,"column":16},"end":{"line":39,"column":17}},"loc":{"start":{"line":39,"column":42},"end":{"line":59,"column":1}},"line":39},"3":{"name":"(anonymous_3)","decl":{"start":{"line":61,"column":16},"end":{"line":61,"column":17}},"loc":{"start":{"line":61,"column":58},"end":{"line":76,"column":1}},"line":61}},"branchMap":{"0":{"loc":{"start":{"line":12,"column":8},"end":{"line":12,"column":90}},"type":"if","locations":[{"start":{"line":12,"column":8},"end":{"line":12,"column":90}},{"start":{},"end":{}}],"line":12},"1":{"loc":{"start":{"line":28,"column":6},"end":{"line":28,"column":88}},"type":"if","locations":[{"start":{"line":28,"column":6},"end":{"line":28,"column":88}},{"start":{},"end":{}}],"line":28},"2":{"loc":{"start":{"line":45,"column":6},"end":{"line":47,"column":7}},"type":"if","locations":[{"start":{"line":45,"column":6},"end":{"line":47,"column":7}},{"start":{},"end":{}}],"line":45},"3":{"loc":{"start":{"line":45,"column":10},"end":{"line":45,"column":67}},"type":"binary-expr","locations":[{"start":{"line":45,"column":10},"end":{"line":45,"column":15}},{"start":{"line":45,"column":19},"end":{"line":45,"column":67}}],"line":45},"4":{"loc":{"start":{"line":52,"column":19},"end":{"line":52,"column":50}},"type":"cond-expr","locations":[{"start":{"line":52,"column":29},"end":{"line":52,"column":38}},{"start":{"line":52,"column":41},"end":{"line":52,"column":50}}],"line":52},"5":{"loc":{"start":{"line":67,"column":6},"end":{"line":67,"column":30}},"type":"if","locations":[{"start":{"line":67,"column":6},"end":{"line":67,"column":30}},{"start":{},"end":{}}],"line":67}},"s":{"0":0,"1":0,"2":0,"3":0,"4":0,"5":0,"6":0,"7":0,"8":0,"9":0,"10":0,"11":0,"12":0,"13":0,"14":0,"15":0,"16":0,"17":0,"18":0,"19":0,"20":0,"21":0,"22":0,"23":0,"24":0,"25":0,"26":0,"27":0,"28":0,"29":0,"30":0,"31":0,"32":0,"33":0,"34":0,"35":0,"36":0,"37":0,"38":0,"39":0,"40":0,"41":0,"42":0},"f":{"0":0,"1":0,"2":0,"3":0},"b":{"0":[0,0],"1":[0,0],"2":[0,0],"3":[0,0],"4":[0,0],"5":[0,0]}}
,"C:\\Users\\besou\\Documents\\GitHub\\chamada-inteligente\\chamada-inteligente-server\\models\\models.js": {"path":"C:\\Users\\besou\\Documents\\GitHub\\chamada-inteligente\\chamada-inteligente-server\\models\\models.js","statementMap":{"0":{"start":{"line":1,"column":18},"end":{"line":1,"column":38}},"1":{"start":{"line":2,"column":17},"end":{"line":2,"column":44}},"2":{"start":{"line":4,"column":13},"end":{"line":9,"column":1}},"3":{"start":{"line":11,"column":19},"end":{"line":22,"column":7}},"4":{"start":{"line":24,"column":15},"end":{"line":43,"column":7}},"5":{"start":{"line":45,"column":13},"end":{"line":68,"column":7}},"6":{"start":{"line":70,"column":16},"end":{"line":92,"column":7}},"7":{"start":{"line":94,"column":16},"end":{"line":117,"column":7}},"8":{"start":{"line":119,"column":14},"end":{"line":154,"column":7}},"9":{"start":{"line":156,"column":22},"end":{"line":179,"column":8}},"10":{"start":{"line":181,"column":22},"end":{"line":200,"column":8}},"11":{"start":{"line":202,"column":24},"end":{"line":233,"column":8}},"12":{"start":{"line":235,"column":19},"end":{"line":267,"column":8}},"13":{"start":{"line":270,"column":0},"end":{"line":270,"column":128}}},"fnMap":{},"branchMap":{},"s":{"0":0,"1":0,"2":0,"3":0,"4":0,"5":0,"6":0,"7":0,"8":0,"9":0,"10":0,"11":0,"12":0,"13":0},"f":{},"b":{}}
,"C:\\Users\\besou\\Documents\\GitHub\\chamada-inteligente\\chamada-inteligente-server\\routes\\attendance.routes.js": {"path":"C:\\Users\\besou\\Documents\\GitHub\\chamada-inteligente\\chamada-inteligente-server\\routes\\attendance.routes.js","statementMap":{"0":{"start":{"line":1,"column":16},"end":{"line":1,"column":34}},"1":{"start":{"line":2,"column":15},"end":{"line":2,"column":31}},"2":{"start":{"line":4,"column":29},"end":{"line":4,"column":64}},"3":{"start":{"line":6,"column":0},"end":{"line":6,"column":56}},"4":{"start":{"line":7,"column":0},"end":{"line":7,"column":100}},"5":{"start":{"line":8,"column":0},"end":{"line":8,"column":86}},"6":{"start":{"line":9,"column":0},"end":{"line":9,"column":91}},"7":{"start":{"line":10,"column":0},"end":{"line":10,"column":56}},"8":{"start":{"line":13,"column":0},"end":{"line":13,"column":24}}},"fnMap":{},"branchMap":{},"s":{"0":1,"1":1,"2":1,"3":1,"4":1,"5":1,"6":1,"7":1,"8":1},"f":{},"b":{},"_coverageSchema":"1a1c01bbd47fc00a2c39e90264f33305004495a9","hash":"88d27773947b7c7fb356fa7a813d9436315a967e"}
,"C:\\Users\\besou\\Documents\\GitHub\\chamada-inteligente\\chamada-inteligente-server\\routes\\attendanceRoll.routes.js": {"path":"C:\\Users\\besou\\Documents\\GitHub\\chamada-inteligente\\chamada-inteligente-server\\routes\\attendanceRoll.routes.js","statementMap":{"0":{"start":{"line":1,"column":16},"end":{"line":1,"column":34}},"1":{"start":{"line":2,"column":15},"end":{"line":2,"column":31}},"2":{"start":{"line":4,"column":33},"end":{"line":4,"column":72}},"3":{"start":{"line":6,"column":0},"end":{"line":6,"column":64}},"4":{"start":{"line":7,"column":0},"end":{"line":7,"column":63}},"5":{"start":{"line":8,"column":0},"end":{"line":8,"column":69}},"6":{"start":{"line":9,"column":0},"end":{"line":9,"column":78}},"7":{"start":{"line":10,"column":0},"end":{"line":10,"column":88}},"8":{"start":{"line":11,"column":0},"end":{"line":11,"column":88}},"9":{"start":{"line":12,"column":0},"end":{"line":12,"column":86}},"10":{"start":{"line":13,"column":0},"end":{"line":13,"column":84}},"11":{"start":{"line":16,"column":0},"end":{"line":16,"column":24}}},"fnMap":{},"branchMap":{},"s":{"0":1,"1":1,"2":1,"3":1,"4":1,"5":1,"6":1,"7":1,"8":1,"9":1,"10":1,"11":1},"f":{},"b":{},"_coverageSchema":"1a1c01bbd47fc00a2c39e90264f33305004495a9","hash":"d779c6a5ecdd5e3397eced8ef598adea1cbc36fe"}
,"C:\\Users\\besou\\Documents\\GitHub\\chamada-inteligente\\chamada-inteligente-server\\routes\\class.routes.js": {"path":"C:\\Users\\besou\\Documents\\GitHub\\chamada-inteligente\\chamada-inteligente-server\\routes\\class.routes.js","statementMap":{"0":{"start":{"line":1,"column":16},"end":{"line":1,"column":34}},"1":{"start":{"line":2,"column":15},"end":{"line":2,"column":31}},"2":{"start":{"line":4,"column":24},"end":{"line":4,"column":54}},"3":{"start":{"line":6,"column":0},"end":{"line":6,"column":43}},"4":{"start":{"line":7,"column":0},"end":{"line":7,"column":44}},"5":{"start":{"line":8,"column":0},"end":{"line":8,"column":62}},"6":{"start":{"line":9,"column":0},"end":{"line":9,"column":52}},"7":{"start":{"line":10,"column":0},"end":{"line":10,"column":61}},"8":{"start":{"line":11,"column":0},"end":{"line":11,"column":46}},"9":{"start":{"line":12,"column":0},"end":{"line":12,"column":51}},"10":{"start":{"line":14,"column":0},"end":{"line":14,"column":24}}},"fnMap":{},"branchMap":{},"s":{"0":1,"1":1,"2":1,"3":1,"4":1,"5":1,"6":1,"7":1,"8":1,"9":1,"10":1},"f":{},"b":{},"_coverageSchema":"1a1c01bbd47fc00a2c39e90264f33305004495a9","hash":"b410fa97b8004962647116c14c3e32dfeffeb997"}
,"C:\\Users\\besou\\Documents\\GitHub\\chamada-inteligente\\chamada-inteligente-server\\routes\\course.routes.js": {"path":"C:\\Users\\besou\\Documents\\GitHub\\chamada-inteligente\\chamada-inteligente-server\\routes\\course.routes.js","statementMap":{"0":{"start":{"line":1,"column":16},"end":{"line":1,"column":34}},"1":{"start":{"line":2,"column":15},"end":{"line":2,"column":31}},"2":{"start":{"line":4,"column":25},"end":{"line":4,"column":56}},"3":{"start":{"line":6,"column":0},"end":{"line":6,"column":47}},"4":{"start":{"line":7,"column":0},"end":{"line":7,"column":56}},"5":{"start":{"line":8,"column":0},"end":{"line":8,"column":76}},"6":{"start":{"line":9,"column":0},"end":{"line":9,"column":52}},"7":{"start":{"line":10,"column":0},"end":{"line":10,"column":48}},"8":{"start":{"line":11,"column":0},"end":{"line":11,"column":50}},"9":{"start":{"line":12,"column":0},"end":{"line":12,"column":53}},"10":{"start":{"line":14,"column":0},"end":{"line":14,"column":24}}},"fnMap":{},"branchMap":{},"s":{"0":1,"1":1,"2":1,"3":1,"4":1,"5":1,"6":1,"7":1,"8":1,"9":1,"10":1},"f":{},"b":{},"_coverageSchema":"1a1c01bbd47fc00a2c39e90264f33305004495a9","hash":"b87d283d87dd56e4c4a1fe919df631d4b4d0c480"}
,"C:\\Users\\besou\\Documents\\GitHub\\chamada-inteligente\\chamada-inteligente-server\\routes\\department.routes.js": {"path":"C:\\Users\\besou\\Documents\\GitHub\\chamada-inteligente\\chamada-inteligente-server\\routes\\department.routes.js","statementMap":{"0":{"start":{"line":1,"column":16},"end":{"line":1,"column":34}},"1":{"start":{"line":2,"column":15},"end":{"line":2,"column":31}},"2":{"start":{"line":4,"column":29},"end":{"line":4,"column":64}},"3":{"start":{"line":6,"column":0},"end":{"line":6,"column":55}},"4":{"start":{"line":7,"column":0},"end":{"line":7,"column":64}},"5":{"start":{"line":8,"column":0},"end":{"line":8,"column":60}},"6":{"start":{"line":9,"column":0},"end":{"line":9,"column":56}},"7":{"start":{"line":10,"column":0},"end":{"line":10,"column":58}},"8":{"start":{"line":11,"column":0},"end":{"line":11,"column":61}},"9":{"start":{"line":13,"column":0},"end":{"line":13,"column":24}}},"fnMap":{},"branchMap":{},"s":{"0":1,"1":1,"2":1,"3":1,"4":1,"5":1,"6":1,"7":1,"8":1,"9":1},"f":{},"b":{},"_coverageSchema":"1a1c01bbd47fc00a2c39e90264f33305004495a9","hash":"a93b9a33c532d20c26ab0aab75f67e89469e6958"}
,"C:\\Users\\besou\\Documents\\GitHub\\chamada-inteligente\\chamada-inteligente-server\\routes\\user.routes.js": {"path":"C:\\Users\\besou\\Documents\\GitHub\\chamada-inteligente\\chamada-inteligente-server\\routes\\user.routes.js","statementMap":{"0":{"start":{"line":1,"column":16},"end":{"line":1,"column":34}},"1":{"start":{"line":2,"column":15},"end":{"line":2,"column":31}},"2":{"start":{"line":4,"column":23},"end":{"line":4,"column":52}},"3":{"start":{"line":6,"column":0},"end":{"line":6,"column":54}},"4":{"start":{"line":7,"column":0},"end":{"line":7,"column":54}},"5":{"start":{"line":8,"column":0},"end":{"line":8,"column":43}},"6":{"start":{"line":10,"column":0},"end":{"line":10,"column":24}}},"fnMap":{},"branchMap":{},"s":{"0":1,"1":1,"2":1,"3":1,"4":1,"5":1,"6":1},"f":{},"b":{},"_coverageSchema":"1a1c01bbd47fc00a2c39e90264f33305004495a9","hash":"e05167e96fe9602859b8c9e6abac1b0f27cc5ba5"}
,"C:\\Users\\besou\\Documents\\GitHub\\chamada-inteligente\\chamada-inteligente-server\\util\\database.js": {"path":"C:\\Users\\besou\\Documents\\GitHub\\chamada-inteligente\\chamada-inteligente-server\\util\\database.js","statementMap":{"0":{"start":{"line":1,"column":18},"end":{"line":1,"column":38}},"1":{"start":{"line":2,"column":18},"end":{"line":9,"column":2}},"2":{"start":{"line":11,"column":0},"end":{"line":11,"column":27}}},"fnMap":{},"branchMap":{},"s":{"0":0,"1":0,"2":0},"f":{},"b":{}}
}
